<?xml version="1.0" encoding="UTF-8"?>
<!-- Generated by org.testng.reporters.JUnitReportReporter -->
<testsuite skipped="0" hostname="nlccu047" name="TestCases.verifyLogin" tests="1" failures="0" timestamp="08 Feb 2019 11:55:05 GMT" time="19.648" errors="0">
  <testcase name="verifyValidLogin" time="19.648" classname="TestCases.verifyLogin"/>
</testsuite> <!-- TestCases.verifyLogin -->
