<?xml version="1.0" encoding="UTF-8"?>
<!-- Generated by org.testng.reporters.JUnitReportReporter -->
<testsuite skipped="0" hostname="nlccu047" name="TestCases.verifyLogin" tests="1" failures="0" timestamp="28 Jan 2019 06:39:27 GMT" time="22.335" errors="0">
  <testcase name="verifyValidLogin" time="22.335" classname="TestCases.verifyLogin"/>
</testsuite> <!-- TestCases.verifyLogin -->
